SF:lib\main.dart
DA:5,0
DA:8,1
DA:10,1
DA:14,1
DA:15,1
DA:16,1
DA:22,2
DA:26,1
DA:27,1
DA:34,1
DA:36,1
DA:39,2
DA:40,1
DA:41,0
DA:43,4
DA:46,1
DA:49,1
DA:50,1
DA:54,3
DA:55,1
DA:57,3
DA:58,2
DA:59,1
DA:60,4
DA:61,4
DA:62,1
DA:63,1
DA:64,2
DA:65,0
DA:66,0
DA:67,0
DA:68,0
DA:69,0
DA:74,1
DA:75,1
DA:77,1
DA:78,1
DA:79,1
DA:80,1
DA:82,1
DA:84,1
DA:86,1
DA:87,3
DA:88,0
DA:90,1
DA:91,3
DA:92,0
DA:94,1
DA:95,3
DA:96,0
DA:98,1
DA:99,1
DA:100,3
DA:101,0
DA:103,1
DA:104,3
DA:105,0
DA:110,1
DA:111,1
DA:113,1
DA:114,1
DA:115,1
DA:117,1
DA:119,1
DA:121,1
DA:122,1
DA:124,1
DA:131,1
DA:132,1
DA:134,1
DA:136,1
DA:138,1
DA:139,1
DA:141,1
LF:74
LH:62
end_of_record
SF:lib\widgets\backdrop_drawer_scaffold.dart
DA:9,1
DA:11,1
DA:28,1
DA:29,1
DA:41,1
DA:43,1
DA:46,2
DA:52,3
DA:54,3
DA:55,2
DA:59,1
DA:61,2
DA:62,1
DA:65,1
DA:67,1
DA:69,2
DA:70,1
DA:71,1
DA:73,2
DA:76,1
DA:77,1
DA:80,3
DA:81,8
DA:82,3
DA:84,1
DA:87,1
DA:90,1
DA:91,1
DA:93,8
DA:96,1
DA:98,1
DA:99,4
DA:102,3
DA:103,4
DA:105,4
DA:106,4
DA:108,4
DA:111,4
DA:113,1
DA:115,1
DA:117,8
DA:120,1
DA:123,2
DA:124,1
DA:127,2
DA:128,2
DA:130,1
DA:133,2
DA:134,2
DA:135,2
DA:139,2
DA:141,1
DA:142,1
DA:143,3
DA:144,4
DA:145,4
DA:147,2
DA:149,1
DA:151,1
LF:59
LH:59
end_of_record
