SF:lib\main.dart
DA:5,0
DA:8,0
DA:10,0
DA:14,0
DA:15,0
DA:16,0
DA:22,0
DA:26,0
DA:27,0
DA:31,0
DA:34,0
DA:35,0
DA:39,0
DA:40,0
DA:42,0
DA:43,0
DA:44,0
DA:47,0
DA:48,0
DA:49,0
DA:50,0
DA:54,0
DA:55,0
DA:57,0
DA:58,0
DA:59,0
DA:60,0
DA:62,0
DA:64,0
DA:66,0
DA:67,0
DA:68,0
DA:70,0
DA:71,0
DA:72,0
DA:74,0
DA:75,0
DA:76,0
DA:78,0
DA:79,0
DA:80,0
DA:81,0
DA:83,0
DA:84,0
DA:85,0
DA:90,0
DA:91,0
DA:93,0
DA:94,0
DA:95,0
DA:97,0
DA:99,0
DA:101,0
DA:102,0
DA:104,0
DA:111,0
DA:112,0
DA:114,0
DA:116,0
DA:118,0
DA:119,0
DA:121,0
LF:62
LH:0
end_of_record
SF:lib\widgets\backdrop_drawer_scaffold.dart
DA:9,1
DA:11,1
DA:28,1
DA:29,1
DA:41,1
DA:43,1
DA:46,2
DA:52,3
DA:54,3
DA:55,2
DA:59,1
DA:61,2
DA:62,1
DA:65,1
DA:67,1
DA:69,2
DA:70,1
DA:71,1
DA:73,2
DA:76,1
DA:77,1
DA:80,3
DA:81,8
DA:82,3
DA:84,1
DA:87,1
DA:90,1
DA:91,1
DA:93,8
DA:96,1
DA:98,1
DA:99,4
DA:102,3
DA:103,4
DA:105,4
DA:106,4
DA:108,4
DA:111,4
DA:113,1
DA:115,1
DA:117,8
DA:120,1
DA:123,2
DA:124,1
DA:127,2
DA:128,2
DA:130,1
DA:133,2
DA:134,2
DA:135,2
DA:139,2
DA:141,1
DA:142,1
DA:143,3
DA:144,4
DA:145,4
DA:147,2
DA:149,1
DA:151,1
LF:59
LH:59
end_of_record
